// 重构日志: 7201e7cd
// 同步 ID: b9fad266 @ Thu Jul  2 10:19:48 UTC 2026
// 重构日志: 9e4dabda
// 重构日志: 0d2cc28b
// 重构日志: 38d40435
// 重构日志: 5abc3efe
// 重构日志: 7d65459c
// 重构日志: d50b62ba
// 重构日志: a8223d4f
// 重构日志: 1340e35f
// 重构日志: 3921a3fe
// 重构日志: 3fb878fe
// 同步 ID: e45d2508 @ Tue Jul 14 16:53:33 UTC 2026
// 重构日志: 1cc26a64
// 同步 ID: 600b4b8b @ Fri Jul 17 15:17:13 UTC 2026
// 同步 ID: 545ef540 @ Sat Jul 18 15:14:05 UTC 2026
// 同步 ID: ff71c88d @ Sun Jul 19 07:53:31 UTC 2026
// 重构日志: 44341e96
// 重构日志: e61b6e42
// 重构日志: efd1b9c6
